2024-10-17 11:57:54,787 [main] INFO   c.e.rbac.util.DatabaseConnection - Attempting to establish the connection to the database ...
2024-10-17 11:57:55,190 [main] INFO   c.e.rbac.util.DatabaseConnection - Database connection eastablished successfully.
2024-10-17 11:57:55,194 [main] INFO   c.e.rbac.util.DatabaseConnection - Attempting to establish the connection to the database ...
2024-10-17 11:57:55,256 [main] INFO   c.e.rbac.util.DatabaseConnection - Database connection eastablished successfully.
2024-10-17 11:57:55,280 [main] ERROR  c.example.rbac.dao.impl.UserDAOImpl - Error creating user : ERROR: duplicate key value violates unique constraint "users_username_key"
  Detail: Key (username)=(aditya1211) already exists.
2024-10-17 11:59:27,497 [main] INFO   c.e.rbac.util.DatabaseConnection - Attempting to establish the connection to the database ...
2024-10-17 11:59:27,964 [main] INFO   c.e.rbac.util.DatabaseConnection - Database connection eastablished successfully.
2024-10-17 11:59:27,969 [main] INFO   c.e.rbac.util.DatabaseConnection - Attempting to establish the connection to the database ...
2024-10-17 11:59:28,029 [main] INFO   c.e.rbac.util.DatabaseConnection - Database connection eastablished successfully.
2024-10-17 11:59:28,053 [main] ERROR  c.example.rbac.dao.impl.UserDAOImpl - Error creating user : ERROR: duplicate key value violates unique constraint "users_username_key"
  Detail: Key (username)=(aditya1211) already exists.
2024-10-17 12:08:45,409 [main] INFO   c.e.rbac.util.DatabaseConnection - Attempting to establish the connection to the database ...
2024-10-17 12:08:45,811 [main] INFO   c.e.rbac.util.DatabaseConnection - Database connection eastablished successfully.
2024-10-17 12:08:45,817 [main] INFO   c.e.rbac.util.DatabaseConnection - Attempting to establish the connection to the database ...
2024-10-17 12:08:45,865 [main] INFO   c.e.rbac.util.DatabaseConnection - Database connection eastablished successfully.
2024-10-17 12:08:45,888 [main] ERROR  c.example.rbac.dao.impl.UserDAOImpl - Error creating user : ERROR: duplicate key value violates unique constraint "users_username_key"
  Detail: Key (username)=(aditya1211) already exists.
2024-10-17 12:22:41,071 [main] INFO   c.e.rbac.util.DatabaseConnection - Attempting to establish the connection to the database ...
2024-10-17 12:22:41,753 [main] INFO   c.e.rbac.util.DatabaseConnection - Database connection eastablished successfully.
2024-10-17 12:22:41,759 [main] INFO   c.e.rbac.util.DatabaseConnection - Attempting to establish the connection to the database ...
2024-10-17 12:22:41,827 [main] INFO   c.e.rbac.util.DatabaseConnection - Database connection eastablished successfully.
2024-10-17 12:22:41,857 [main] ERROR  c.example.rbac.dao.impl.UserDAOImpl - Error creating user : ERROR: duplicate key value violates unique constraint "users_username_key"
  Detail: Key (username)=(aditya1211) already exists.
2024-10-22 11:26:52,318 [main] TRACE  o.s.c.a.AnnotationConfigApplicationContext - Refreshing org.springframework.context.annotation.AnnotationConfigApplicationContext@376b4233, started on Tue Oct 22 11:26:52 IST 2024
2024-10-22 11:26:52,352 [main] DEBUG  o.s.b.f.s.DefaultListableBeanFactory - Creating shared instance of singleton bean 'org.springframework.context.annotation.internalConfigurationAnnotationProcessor'
2024-10-22 11:26:52,353 [main] TRACE  o.s.b.f.s.DefaultListableBeanFactory - Creating instance of bean 'org.springframework.context.annotation.internalConfigurationAnnotationProcessor'
2024-10-22 11:26:52,382 [main] TRACE  o.s.b.f.s.DefaultListableBeanFactory - Eagerly caching bean 'org.springframework.context.annotation.internalConfigurationAnnotationProcessor' to allow for resolving potential circular references
2024-10-22 11:26:52,385 [main] TRACE  o.s.b.f.s.DefaultListableBeanFactory - Finished creating instance of bean 'org.springframework.context.annotation.internalConfigurationAnnotationProcessor'
2024-10-22 11:26:52,432 [main] TRACE  o.s.c.i.s.PathMatchingResourcePatternResolver - Resolved module-path location pattern [com/example/rbac/**/*.class] to resources []
2024-10-22 11:26:52,434 [main] TRACE  o.s.c.i.s.PathMatchingResourcePatternResolver - Resolved module-path location pattern [com/example/rbac/] to resources []
2024-10-22 11:26:52,440 [main] TRACE  o.s.c.i.s.PathMatchingResourcePatternResolver - Resolved class path location [com/example/rbac/] to resources [file [/Users/confluxsys/eclipse-workspace/role-based-access-control/target/classes/com/example/rbac]]
2024-10-22 11:26:52,443 [main] TRACE  o.s.c.i.s.PathMatchingResourcePatternResolver - Searching directory [/Users/confluxsys/eclipse-workspace/role-based-access-control/target/classes/com/example/rbac] for files matching pattern [**/*.class]
2024-10-22 11:26:52,466 [main] TRACE  o.s.c.i.s.PathMatchingResourcePatternResolver - Resolved location pattern [classpath*:com/example/rbac/**/*.class] to resources [file [/Users/confluxsys/eclipse-workspace/role-based-access-control/target/classes/com/example/rbac/App.class], file [/Users/confluxsys/eclipse-workspace/role-based-access-control/target/classes/com/example/rbac/dao/PermissionDAO.class], file [/Users/confluxsys/eclipse-workspace/role-based-access-control/target/classes/com/example/rbac/dao/RoleDAO.class], file [/Users/confluxsys/eclipse-workspace/role-based-access-control/target/classes/com/example/rbac/dao/RolePermissionDAO.class], file [/Users/confluxsys/eclipse-workspace/role-based-access-control/target/classes/com/example/rbac/dao/UserDAO.class], file [/Users/confluxsys/eclipse-workspace/role-based-access-control/target/classes/com/example/rbac/dao/UserRoleDAO.class], file [/Users/confluxsys/eclipse-workspace/role-based-access-control/target/classes/com/example/rbac/dao/impl/PermissionDAOImpl.class], file [/Users/confluxsys/eclipse-workspace/role-based-access-control/target/classes/com/example/rbac/dao/impl/RoleDAOImpl$RoleRowMapper.class], file [/Users/confluxsys/eclipse-workspace/role-based-access-control/target/classes/com/example/rbac/dao/impl/RoleDAOImpl.class], file [/Users/confluxsys/eclipse-workspace/role-based-access-control/target/classes/com/example/rbac/dao/impl/RolePermissionDAOImpl.class], file [/Users/confluxsys/eclipse-workspace/role-based-access-control/target/classes/com/example/rbac/dao/impl/UserDAOImpl.class], file [/Users/confluxsys/eclipse-workspace/role-based-access-control/target/classes/com/example/rbac/dao/impl/UserRoleDAOImpl.class], file [/Users/confluxsys/eclipse-workspace/role-based-access-control/target/classes/com/example/rbac/model/Permission.class], file [/Users/confluxsys/eclipse-workspace/role-based-access-control/target/classes/com/example/rbac/model/Role.class], file [/Users/confluxsys/eclipse-workspace/role-based-access-control/target/classes/com/example/rbac/model/RolePermission.class], file [/Users/confluxsys/eclipse-workspace/role-based-access-control/target/classes/com/example/rbac/model/User.class], file [/Users/confluxsys/eclipse-workspace/role-based-access-control/target/classes/com/example/rbac/model/UserRole.class], file [/Users/confluxsys/eclipse-workspace/role-based-access-control/target/classes/com/example/rbac/service/PermissionService.class], file [/Users/confluxsys/eclipse-workspace/role-based-access-control/target/classes/com/example/rbac/service/RolePermissionService.class], file [/Users/confluxsys/eclipse-workspace/role-based-access-control/target/classes/com/example/rbac/service/RoleService.class], file [/Users/confluxsys/eclipse-workspace/role-based-access-control/target/classes/com/example/rbac/service/UserRoleService.class], file [/Users/confluxsys/eclipse-workspace/role-based-access-control/target/classes/com/example/rbac/service/UserService.class], file [/Users/confluxsys/eclipse-workspace/role-based-access-control/target/classes/com/example/rbac/util/DatabaseConnection.class], file [/Users/confluxsys/eclipse-workspace/role-based-access-control/target/classes/com/example/rbac/util/JdbcConfig.class]]
2024-10-22 11:26:52,468 [main] TRACE  o.s.c.a.ClassPathBeanDefinitionScanner - Scanning file [/Users/confluxsys/eclipse-workspace/role-based-access-control/target/classes/com/example/rbac/App.class]
2024-10-22 11:26:52,505 [main] TRACE  o.s.c.a.ClassPathBeanDefinitionScanner - Ignored because not matching any filter: file [/Users/confluxsys/eclipse-workspace/role-based-access-control/target/classes/com/example/rbac/App.class]
2024-10-22 11:26:52,505 [main] TRACE  o.s.c.a.ClassPathBeanDefinitionScanner - Scanning file [/Users/confluxsys/eclipse-workspace/role-based-access-control/target/classes/com/example/rbac/dao/PermissionDAO.class]
2024-10-22 11:26:52,506 [main] TRACE  o.s.c.a.ClassPathBeanDefinitionScanner - Ignored because not matching any filter: file [/Users/confluxsys/eclipse-workspace/role-based-access-control/target/classes/com/example/rbac/dao/PermissionDAO.class]
2024-10-22 11:26:52,506 [main] TRACE  o.s.c.a.ClassPathBeanDefinitionScanner - Scanning file [/Users/confluxsys/eclipse-workspace/role-based-access-control/target/classes/com/example/rbac/dao/RoleDAO.class]
2024-10-22 11:26:52,507 [main] TRACE  o.s.c.a.ClassPathBeanDefinitionScanner - Ignored because not matching any filter: file [/Users/confluxsys/eclipse-workspace/role-based-access-control/target/classes/com/example/rbac/dao/RoleDAO.class]
2024-10-22 11:26:52,507 [main] TRACE  o.s.c.a.ClassPathBeanDefinitionScanner - Scanning file [/Users/confluxsys/eclipse-workspace/role-based-access-control/target/classes/com/example/rbac/dao/RolePermissionDAO.class]
2024-10-22 11:26:52,508 [main] TRACE  o.s.c.a.ClassPathBeanDefinitionScanner - Ignored because not matching any filter: file [/Users/confluxsys/eclipse-workspace/role-based-access-control/target/classes/com/example/rbac/dao/RolePermissionDAO.class]
2024-10-22 11:26:52,508 [main] TRACE  o.s.c.a.ClassPathBeanDefinitionScanner - Scanning file [/Users/confluxsys/eclipse-workspace/role-based-access-control/target/classes/com/example/rbac/dao/UserDAO.class]
2024-10-22 11:26:52,509 [main] TRACE  o.s.c.a.ClassPathBeanDefinitionScanner - Ignored because not matching any filter: file [/Users/confluxsys/eclipse-workspace/role-based-access-control/target/classes/com/example/rbac/dao/UserDAO.class]
2024-10-22 11:26:52,509 [main] TRACE  o.s.c.a.ClassPathBeanDefinitionScanner - Scanning file [/Users/confluxsys/eclipse-workspace/role-based-access-control/target/classes/com/example/rbac/dao/UserRoleDAO.class]
2024-10-22 11:26:52,509 [main] TRACE  o.s.c.a.ClassPathBeanDefinitionScanner - Ignored because not matching any filter: file [/Users/confluxsys/eclipse-workspace/role-based-access-control/target/classes/com/example/rbac/dao/UserRoleDAO.class]
2024-10-22 11:26:52,510 [main] TRACE  o.s.c.a.ClassPathBeanDefinitionScanner - Scanning file [/Users/confluxsys/eclipse-workspace/role-based-access-control/target/classes/com/example/rbac/dao/impl/PermissionDAOImpl.class]
2024-10-22 11:26:52,510 [main] TRACE  o.s.c.a.ClassPathBeanDefinitionScanner - Ignored because not matching any filter: file [/Users/confluxsys/eclipse-workspace/role-based-access-control/target/classes/com/example/rbac/dao/impl/PermissionDAOImpl.class]
2024-10-22 11:26:52,511 [main] TRACE  o.s.c.a.ClassPathBeanDefinitionScanner - Scanning file [/Users/confluxsys/eclipse-workspace/role-based-access-control/target/classes/com/example/rbac/dao/impl/RoleDAOImpl$RoleRowMapper.class]
2024-10-22 11:26:52,511 [main] TRACE  o.s.c.a.ClassPathBeanDefinitionScanner - Ignored because not matching any filter: file [/Users/confluxsys/eclipse-workspace/role-based-access-control/target/classes/com/example/rbac/dao/impl/RoleDAOImpl$RoleRowMapper.class]
2024-10-22 11:26:52,511 [main] TRACE  o.s.c.a.ClassPathBeanDefinitionScanner - Scanning file [/Users/confluxsys/eclipse-workspace/role-based-access-control/target/classes/com/example/rbac/dao/impl/RoleDAOImpl.class]
2024-10-22 11:26:52,519 [main] DEBUG  o.s.c.a.ClassPathBeanDefinitionScanner - Identified candidate component class: file [/Users/confluxsys/eclipse-workspace/role-based-access-control/target/classes/com/example/rbac/dao/impl/RoleDAOImpl.class]
2024-10-22 11:26:52,521 [main] TRACE  o.s.c.a.ClassPathBeanDefinitionScanner - Scanning file [/Users/confluxsys/eclipse-workspace/role-based-access-control/target/classes/com/example/rbac/dao/impl/RolePermissionDAOImpl.class]
2024-10-22 11:26:52,523 [main] TRACE  o.s.c.a.ClassPathBeanDefinitionScanner - Ignored because not matching any filter: file [/Users/confluxsys/eclipse-workspace/role-based-access-control/target/classes/com/example/rbac/dao/impl/RolePermissionDAOImpl.class]
2024-10-22 11:26:52,524 [main] TRACE  o.s.c.a.ClassPathBeanDefinitionScanner - Scanning file [/Users/confluxsys/eclipse-workspace/role-based-access-control/target/classes/com/example/rbac/dao/impl/UserDAOImpl.class]
2024-10-22 11:26:52,524 [main] TRACE  o.s.c.a.ClassPathBeanDefinitionScanner - Ignored because not matching any filter: file [/Users/confluxsys/eclipse-workspace/role-based-access-control/target/classes/com/example/rbac/dao/impl/UserDAOImpl.class]
2024-10-22 11:26:52,524 [main] TRACE  o.s.c.a.ClassPathBeanDefinitionScanner - Scanning file [/Users/confluxsys/eclipse-workspace/role-based-access-control/target/classes/com/example/rbac/dao/impl/UserRoleDAOImpl.class]
2024-10-22 11:26:52,525 [main] TRACE  o.s.c.a.ClassPathBeanDefinitionScanner - Ignored because not matching any filter: file [/Users/confluxsys/eclipse-workspace/role-based-access-control/target/classes/com/example/rbac/dao/impl/UserRoleDAOImpl.class]
2024-10-22 11:26:52,525 [main] TRACE  o.s.c.a.ClassPathBeanDefinitionScanner - Scanning file [/Users/confluxsys/eclipse-workspace/role-based-access-control/target/classes/com/example/rbac/model/Permission.class]
2024-10-22 11:26:52,526 [main] TRACE  o.s.c.a.ClassPathBeanDefinitionScanner - Ignored because not matching any filter: file [/Users/confluxsys/eclipse-workspace/role-based-access-control/target/classes/com/example/rbac/model/Permission.class]
2024-10-22 11:26:52,526 [main] TRACE  o.s.c.a.ClassPathBeanDefinitionScanner - Scanning file [/Users/confluxsys/eclipse-workspace/role-based-access-control/target/classes/com/example/rbac/model/Role.class]
2024-10-22 11:26:52,527 [main] TRACE  o.s.c.a.ClassPathBeanDefinitionScanner - Ignored because not matching any filter: file [/Users/confluxsys/eclipse-workspace/role-based-access-control/target/classes/com/example/rbac/model/Role.class]
2024-10-22 11:26:52,527 [main] TRACE  o.s.c.a.ClassPathBeanDefinitionScanner - Scanning file [/Users/confluxsys/eclipse-workspace/role-based-access-control/target/classes/com/example/rbac/model/RolePermission.class]
2024-10-22 11:26:52,528 [main] TRACE  o.s.c.a.ClassPathBeanDefinitionScanner - Ignored because not matching any filter: file [/Users/confluxsys/eclipse-workspace/role-based-access-control/target/classes/com/example/rbac/model/RolePermission.class]
2024-10-22 11:26:52,528 [main] TRACE  o.s.c.a.ClassPathBeanDefinitionScanner - Scanning file [/Users/confluxsys/eclipse-workspace/role-based-access-control/target/classes/com/example/rbac/model/User.class]
2024-10-22 11:26:52,529 [main] TRACE  o.s.c.a.ClassPathBeanDefinitionScanner - Ignored because not matching any filter: file [/Users/confluxsys/eclipse-workspace/role-based-access-control/target/classes/com/example/rbac/model/User.class]
2024-10-22 11:26:52,529 [main] TRACE  o.s.c.a.ClassPathBeanDefinitionScanner - Scanning file [/Users/confluxsys/eclipse-workspace/role-based-access-control/target/classes/com/example/rbac/model/UserRole.class]
2024-10-22 11:26:52,529 [main] TRACE  o.s.c.a.ClassPathBeanDefinitionScanner - Ignored because not matching any filter: file [/Users/confluxsys/eclipse-workspace/role-based-access-control/target/classes/com/example/rbac/model/UserRole.class]
2024-10-22 11:26:52,529 [main] TRACE  o.s.c.a.ClassPathBeanDefinitionScanner - Scanning file [/Users/confluxsys/eclipse-workspace/role-based-access-control/target/classes/com/example/rbac/service/PermissionService.class]
2024-10-22 11:26:52,530 [main] TRACE  o.s.c.a.ClassPathBeanDefinitionScanner - Ignored because not matching any filter: file [/Users/confluxsys/eclipse-workspace/role-based-access-control/target/classes/com/example/rbac/service/PermissionService.class]
2024-10-22 11:26:52,530 [main] TRACE  o.s.c.a.ClassPathBeanDefinitionScanner - Scanning file [/Users/confluxsys/eclipse-workspace/role-based-access-control/target/classes/com/example/rbac/service/RolePermissionService.class]
2024-10-22 11:26:52,530 [main] TRACE  o.s.c.a.ClassPathBeanDefinitionScanner - Ignored because not matching any filter: file [/Users/confluxsys/eclipse-workspace/role-based-access-control/target/classes/com/example/rbac/service/RolePermissionService.class]
2024-10-22 11:26:52,530 [main] TRACE  o.s.c.a.ClassPathBeanDefinitionScanner - Scanning file [/Users/confluxsys/eclipse-workspace/role-based-access-control/target/classes/com/example/rbac/service/RoleService.class]
2024-10-22 11:26:52,530 [main] TRACE  o.s.c.a.ClassPathBeanDefinitionScanner - Ignored because not matching any filter: file [/Users/confluxsys/eclipse-workspace/role-based-access-control/target/classes/com/example/rbac/service/RoleService.class]
2024-10-22 11:26:52,531 [main] TRACE  o.s.c.a.ClassPathBeanDefinitionScanner - Scanning file [/Users/confluxsys/eclipse-workspace/role-based-access-control/target/classes/com/example/rbac/service/UserRoleService.class]
2024-10-22 11:26:52,531 [main] TRACE  o.s.c.a.ClassPathBeanDefinitionScanner - Ignored because not matching any filter: file [/Users/confluxsys/eclipse-workspace/role-based-access-control/target/classes/com/example/rbac/service/UserRoleService.class]
2024-10-22 11:26:52,531 [main] TRACE  o.s.c.a.ClassPathBeanDefinitionScanner - Scanning file [/Users/confluxsys/eclipse-workspace/role-based-access-control/target/classes/com/example/rbac/service/UserService.class]
2024-10-22 11:26:52,531 [main] TRACE  o.s.c.a.ClassPathBeanDefinitionScanner - Ignored because not matching any filter: file [/Users/confluxsys/eclipse-workspace/role-based-access-control/target/classes/com/example/rbac/service/UserService.class]
2024-10-22 11:26:52,531 [main] TRACE  o.s.c.a.ClassPathBeanDefinitionScanner - Scanning file [/Users/confluxsys/eclipse-workspace/role-based-access-control/target/classes/com/example/rbac/util/DatabaseConnection.class]
2024-10-22 11:26:52,531 [main] TRACE  o.s.c.a.ClassPathBeanDefinitionScanner - Ignored because not matching any filter: file [/Users/confluxsys/eclipse-workspace/role-based-access-control/target/classes/com/example/rbac/util/DatabaseConnection.class]
2024-10-22 11:26:52,532 [main] TRACE  o.s.c.a.ClassPathBeanDefinitionScanner - Scanning file [/Users/confluxsys/eclipse-workspace/role-based-access-control/target/classes/com/example/rbac/util/JdbcConfig.class]
2024-10-22 11:26:52,546 [main] TRACE  o.s.c.a.ClassPathBeanDefinitionScanner - Ignored because not matching any filter: file [/Users/confluxsys/eclipse-workspace/role-based-access-control/target/classes/com/example/rbac/util/JdbcConfig.class]
2024-10-22 11:26:52,590 [main] TRACE  o.s.c.a.ConfigurationClassBeanDefinitionReader - Registering bean definition for @Bean method com.example.rbac.util.JdbcConfig.dataSource()
2024-10-22 11:26:52,591 [main] TRACE  o.s.c.a.ConfigurationClassBeanDefinitionReader - Registering bean definition for @Bean method com.example.rbac.util.JdbcConfig.jdbcTemplate()
2024-10-22 11:26:52,592 [main] TRACE  o.s.c.a.ConfigurationClassBeanDefinitionReader - Registering bean definition for @Bean method com.example.rbac.util.JdbcConfig.roleDAO()
2024-10-22 11:26:52,593 [main] TRACE  o.s.c.a.ConfigurationClassBeanDefinitionReader - Registering bean definition for @Bean method com.example.rbac.util.JdbcConfig.roleService()
2024-10-22 11:26:52,847 [main] TRACE  o.s.c.a.ConfigurationClassEnhancer - Successfully enhanced com.example.rbac.util.JdbcConfig; enhanced class name is: com.example.rbac.util.JdbcConfig$$SpringCGLIB$$0
2024-10-22 11:26:52,849 [main] TRACE  o.s.c.a.ConfigurationClassPostProcessor - Replacing bean definition 'jdbcConfig' existing class 'com.example.rbac.util.JdbcConfig' with enhanced class 'com.example.rbac.util.JdbcConfig$$SpringCGLIB$$0'
2024-10-22 11:26:52,851 [main] DEBUG  o.s.b.f.s.DefaultListableBeanFactory - Creating shared instance of singleton bean 'org.springframework.context.event.internalEventListenerProcessor'
2024-10-22 11:26:52,851 [main] TRACE  o.s.b.f.s.DefaultListableBeanFactory - Creating instance of bean 'org.springframework.context.event.internalEventListenerProcessor'
2024-10-22 11:26:52,855 [main] TRACE  o.s.b.f.s.DefaultListableBeanFactory - Eagerly caching bean 'org.springframework.context.event.internalEventListenerProcessor' to allow for resolving potential circular references
2024-10-22 11:26:52,858 [main] TRACE  o.s.b.f.s.DefaultListableBeanFactory - Finished creating instance of bean 'org.springframework.context.event.internalEventListenerProcessor'
2024-10-22 11:26:52,859 [main] DEBUG  o.s.b.f.s.DefaultListableBeanFactory - Creating shared instance of singleton bean 'org.springframework.context.event.internalEventListenerFactory'
2024-10-22 11:26:52,859 [main] TRACE  o.s.b.f.s.DefaultListableBeanFactory - Creating instance of bean 'org.springframework.context.event.internalEventListenerFactory'
2024-10-22 11:26:52,859 [main] TRACE  o.s.b.f.s.DefaultListableBeanFactory - Eagerly caching bean 'org.springframework.context.event.internalEventListenerFactory' to allow for resolving potential circular references
2024-10-22 11:26:52,860 [main] TRACE  o.s.b.f.s.DefaultListableBeanFactory - Finished creating instance of bean 'org.springframework.context.event.internalEventListenerFactory'
2024-10-22 11:26:52,863 [main] DEBUG  o.s.b.f.s.DefaultListableBeanFactory - Creating shared instance of singleton bean 'org.springframework.context.annotation.internalAutowiredAnnotationProcessor'
2024-10-22 11:26:52,864 [main] TRACE  o.s.b.f.s.DefaultListableBeanFactory - Creating instance of bean 'org.springframework.context.annotation.internalAutowiredAnnotationProcessor'
2024-10-22 11:26:52,867 [main] TRACE  o.s.b.f.s.DefaultListableBeanFactory - Eagerly caching bean 'org.springframework.context.annotation.internalAutowiredAnnotationProcessor' to allow for resolving potential circular references
2024-10-22 11:26:52,867 [main] TRACE  o.s.b.f.s.DefaultListableBeanFactory - Finished creating instance of bean 'org.springframework.context.annotation.internalAutowiredAnnotationProcessor'
2024-10-22 11:26:52,871 [main] TRACE  o.s.c.a.AnnotationConfigApplicationContext - No 'messageSource' bean, using [Empty MessageSource]
2024-10-22 11:26:52,877 [main] TRACE  o.s.c.a.AnnotationConfigApplicationContext - No 'applicationEventMulticaster' bean, using [SimpleApplicationEventMulticaster]
2024-10-22 11:26:52,878 [main] TRACE  o.s.b.f.s.DefaultListableBeanFactory - Pre-instantiating singletons in org.springframework.beans.factory.support.DefaultListableBeanFactory@c0c2f8d: defining beans [org.springframework.context.annotation.internalConfigurationAnnotationProcessor,org.springframework.context.annotation.internalAutowiredAnnotationProcessor,org.springframework.context.event.internalEventListenerProcessor,org.springframework.context.event.internalEventListenerFactory,jdbcConfig,roleDAOImpl,dataSource,jdbcTemplate,roleDAO,roleService]; root of factory hierarchy
2024-10-22 11:26:52,879 [main] TRACE  o.s.b.f.s.DefaultListableBeanFactory - Returning cached instance of singleton bean 'org.springframework.context.annotation.internalConfigurationAnnotationProcessor'
2024-10-22 11:26:52,879 [main] TRACE  o.s.b.f.s.DefaultListableBeanFactory - Returning cached instance of singleton bean 'org.springframework.context.annotation.internalAutowiredAnnotationProcessor'
2024-10-22 11:26:52,879 [main] TRACE  o.s.b.f.s.DefaultListableBeanFactory - Returning cached instance of singleton bean 'org.springframework.context.event.internalEventListenerProcessor'
2024-10-22 11:26:52,880 [main] TRACE  o.s.b.f.s.DefaultListableBeanFactory - Returning cached instance of singleton bean 'org.springframework.context.event.internalEventListenerFactory'
2024-10-22 11:26:52,880 [main] DEBUG  o.s.b.f.s.DefaultListableBeanFactory - Creating shared instance of singleton bean 'jdbcConfig'
2024-10-22 11:26:52,880 [main] TRACE  o.s.b.f.s.DefaultListableBeanFactory - Creating instance of bean 'jdbcConfig'
2024-10-22 11:26:52,887 [main] TRACE  o.s.b.f.s.DefaultListableBeanFactory - Eagerly caching bean 'jdbcConfig' to allow for resolving potential circular references
2024-10-22 11:26:52,889 [main] TRACE  o.s.b.f.s.DefaultListableBeanFactory - Finished creating instance of bean 'jdbcConfig'
2024-10-22 11:26:52,890 [main] DEBUG  o.s.b.f.s.DefaultListableBeanFactory - Creating shared instance of singleton bean 'roleDAOImpl'
2024-10-22 11:26:52,890 [main] TRACE  o.s.b.f.s.DefaultListableBeanFactory - Creating instance of bean 'roleDAOImpl'
2024-10-22 11:26:52,906 [main] DEBUG  o.s.b.f.s.DefaultListableBeanFactory - Creating shared instance of singleton bean 'jdbcTemplate'
2024-10-22 11:26:52,906 [main] TRACE  o.s.b.f.s.DefaultListableBeanFactory - Creating instance of bean 'jdbcTemplate'
2024-10-22 11:26:52,906 [main] TRACE  o.s.b.f.s.DefaultListableBeanFactory - Returning cached instance of singleton bean 'jdbcConfig'
2024-10-22 11:26:52,908 [main] DEBUG  o.s.b.f.s.DefaultListableBeanFactory - Creating shared instance of singleton bean 'dataSource'
2024-10-22 11:26:52,909 [main] TRACE  o.s.b.f.s.DefaultListableBeanFactory - Creating instance of bean 'dataSource'
2024-10-22 11:26:52,909 [main] TRACE  o.s.b.f.s.DefaultListableBeanFactory - Returning cached instance of singleton bean 'jdbcConfig'
2024-10-22 11:26:52,930 [main] DEBUG  o.s.j.d.DriverManagerDataSource - Loaded JDBC driver: org.postgresql.Driver
2024-10-22 11:26:52,935 [main] TRACE  o.s.b.f.s.DefaultListableBeanFactory - Eagerly caching bean 'dataSource' to allow for resolving potential circular references
2024-10-22 11:26:52,935 [main] TRACE  o.s.b.f.s.DefaultListableBeanFactory - Finished creating instance of bean 'dataSource'
2024-10-22 11:26:52,939 [main] DEBUG  o.s.b.f.s.DefaultListableBeanFactory - Autowiring by type from bean name 'jdbcTemplate' via factory method to bean named 'dataSource'
2024-10-22 11:26:52,969 [main] TRACE  o.s.b.f.s.DefaultListableBeanFactory - Eagerly caching bean 'jdbcTemplate' to allow for resolving potential circular references
2024-10-22 11:26:52,974 [main] TRACE  o.s.b.f.s.DefaultListableBeanFactory - Invoking afterPropertiesSet() on bean with name 'jdbcTemplate'
2024-10-22 11:26:52,977 [main] TRACE  o.s.b.f.s.DefaultListableBeanFactory - Finished creating instance of bean 'jdbcTemplate'
2024-10-22 11:26:52,977 [main] DEBUG  o.s.b.f.s.DefaultListableBeanFactory - Autowiring by type from bean name 'roleDAOImpl' via constructor to bean named 'jdbcTemplate'
2024-10-22 11:26:52,980 [main] TRACE  o.s.b.f.s.DefaultListableBeanFactory - Eagerly caching bean 'roleDAOImpl' to allow for resolving potential circular references
2024-10-22 11:26:52,981 [main] TRACE  o.s.b.f.s.DefaultListableBeanFactory - Finished creating instance of bean 'roleDAOImpl'
2024-10-22 11:26:52,981 [main] TRACE  o.s.b.f.s.DefaultListableBeanFactory - Returning cached instance of singleton bean 'dataSource'
2024-10-22 11:26:52,981 [main] TRACE  o.s.b.f.s.DefaultListableBeanFactory - Returning cached instance of singleton bean 'jdbcTemplate'
2024-10-22 11:26:52,982 [main] DEBUG  o.s.b.f.s.DefaultListableBeanFactory - Creating shared instance of singleton bean 'roleDAO'
2024-10-22 11:26:52,982 [main] TRACE  o.s.b.f.s.DefaultListableBeanFactory - Creating instance of bean 'roleDAO'
2024-10-22 11:26:52,982 [main] TRACE  o.s.b.f.s.DefaultListableBeanFactory - Returning cached instance of singleton bean 'jdbcConfig'
2024-10-22 11:26:52,983 [main] TRACE  o.s.b.f.s.DefaultListableBeanFactory - Returning cached instance of singleton bean 'jdbcTemplate'
2024-10-22 11:26:52,984 [main] DEBUG  o.s.b.f.s.DefaultListableBeanFactory - Autowiring by type from bean name 'roleDAO' via factory method to bean named 'jdbcTemplate'
2024-10-22 11:26:52,985 [main] TRACE  o.s.b.f.s.DefaultListableBeanFactory - Eagerly caching bean 'roleDAO' to allow for resolving potential circular references
2024-10-22 11:26:52,985 [main] TRACE  o.s.b.f.s.DefaultListableBeanFactory - Finished creating instance of bean 'roleDAO'
2024-10-22 11:26:52,986 [main] DEBUG  o.s.b.f.s.DefaultListableBeanFactory - Creating shared instance of singleton bean 'roleService'
2024-10-22 11:26:52,986 [main] TRACE  o.s.b.f.s.DefaultListableBeanFactory - Creating instance of bean 'roleService'
2024-10-22 11:26:52,987 [main] TRACE  o.s.b.f.s.DefaultListableBeanFactory - Returning cached instance of singleton bean 'jdbcConfig'
2024-10-22 11:26:52,988 [main] TRACE  o.s.b.f.s.DefaultListableBeanFactory - Returning cached instance of singleton bean 'roleDAOImpl'
2024-10-22 11:26:52,988 [main] TRACE  o.s.b.f.s.DefaultListableBeanFactory - Returning cached instance of singleton bean 'roleDAO'
2024-10-22 11:26:53,000 [main] TRACE  o.s.b.f.s.DefaultListableBeanFactory - Ignoring factory method [public com.example.rbac.service.RoleService com.example.rbac.util.JdbcConfig.roleService(com.example.rbac.dao.impl.RoleDAOImpl)] of bean 'roleService': org.springframework.beans.factory.UnsatisfiedDependencyException: Error creating bean with name 'roleService' defined in com.example.rbac.util.JdbcConfig: Unsatisfied dependency expressed through method 'roleService' parameter 0: No qualifying bean of type 'com.example.rbac.dao.impl.RoleDAOImpl' available: expected single matching bean but found 2: roleDAOImpl,roleDAO
2024-10-22 11:26:53,001 [main] WARN   o.s.c.a.AnnotationConfigApplicationContext - Exception encountered during context initialization - cancelling refresh attempt: org.springframework.beans.factory.UnsatisfiedDependencyException: Error creating bean with name 'roleService' defined in com.example.rbac.util.JdbcConfig: Unsatisfied dependency expressed through method 'roleService' parameter 0: No qualifying bean of type 'com.example.rbac.dao.impl.RoleDAOImpl' available: expected single matching bean but found 2: roleDAOImpl,roleDAO
2024-10-22 11:26:53,007 [main] TRACE  o.s.b.f.s.DefaultListableBeanFactory - Destroying singletons in org.springframework.beans.factory.support.DefaultListableBeanFactory@c0c2f8d: defining beans [org.springframework.context.annotation.internalConfigurationAnnotationProcessor,org.springframework.context.annotation.internalAutowiredAnnotationProcessor,org.springframework.context.event.internalEventListenerProcessor,org.springframework.context.event.internalEventListenerFactory,jdbcConfig,roleDAOImpl,dataSource,jdbcTemplate,roleDAO,roleService]; root of factory hierarchy
2024-10-22 11:26:53,027 [main] TRACE  o.s.c.i.s.SpringFactoriesLoader - Loaded [org.springframework.beans.BeanInfoFactory] names: []
2024-10-23 14:26:21,755 [main] TRACE  o.s.c.a.AnnotationConfigApplicationContext - Refreshing org.springframework.context.annotation.AnnotationConfigApplicationContext@376b4233, started on Wed Oct 23 14:26:21 IST 2024
2024-10-23 14:26:21,785 [main] DEBUG  o.s.b.f.s.DefaultListableBeanFactory - Creating shared instance of singleton bean 'org.springframework.context.annotation.internalConfigurationAnnotationProcessor'
2024-10-23 14:26:21,786 [main] TRACE  o.s.b.f.s.DefaultListableBeanFactory - Creating instance of bean 'org.springframework.context.annotation.internalConfigurationAnnotationProcessor'
2024-10-23 14:26:21,812 [main] TRACE  o.s.b.f.s.DefaultListableBeanFactory - Eagerly caching bean 'org.springframework.context.annotation.internalConfigurationAnnotationProcessor' to allow for resolving potential circular references
2024-10-23 14:26:21,815 [main] TRACE  o.s.b.f.s.DefaultListableBeanFactory - Finished creating instance of bean 'org.springframework.context.annotation.internalConfigurationAnnotationProcessor'
2024-10-23 14:26:21,847 [main] TRACE  o.s.c.i.s.PathMatchingResourcePatternResolver - Resolved module-path location pattern [com/example/rbac/**/*.class] to resources []
2024-10-23 14:26:21,849 [main] TRACE  o.s.c.i.s.PathMatchingResourcePatternResolver - Resolved module-path location pattern [com/example/rbac/] to resources []
2024-10-23 14:26:21,855 [main] TRACE  o.s.c.i.s.PathMatchingResourcePatternResolver - Resolved class path location [com/example/rbac/] to resources [file [/Users/confluxsys/eclipse-workspace/role-based-access-control/target/classes/com/example/rbac]]
2024-10-23 14:26:21,860 [main] TRACE  o.s.c.i.s.PathMatchingResourcePatternResolver - Searching directory [/Users/confluxsys/eclipse-workspace/role-based-access-control/target/classes/com/example/rbac] for files matching pattern [**/*.class]
2024-10-23 14:26:21,881 [main] TRACE  o.s.c.i.s.PathMatchingResourcePatternResolver - Resolved location pattern [classpath*:com/example/rbac/**/*.class] to resources [file [/Users/confluxsys/eclipse-workspace/role-based-access-control/target/classes/com/example/rbac/App.class], file [/Users/confluxsys/eclipse-workspace/role-based-access-control/target/classes/com/example/rbac/dao/PermissionDAO.class], file [/Users/confluxsys/eclipse-workspace/role-based-access-control/target/classes/com/example/rbac/dao/RoleDAO.class], file [/Users/confluxsys/eclipse-workspace/role-based-access-control/target/classes/com/example/rbac/dao/RolePermissionDAO.class], file [/Users/confluxsys/eclipse-workspace/role-based-access-control/target/classes/com/example/rbac/dao/UserDAO.class], file [/Users/confluxsys/eclipse-workspace/role-based-access-control/target/classes/com/example/rbac/dao/UserRoleDAO.class], file [/Users/confluxsys/eclipse-workspace/role-based-access-control/target/classes/com/example/rbac/dao/impl/PermissionDAOImpl.class], file [/Users/confluxsys/eclipse-workspace/role-based-access-control/target/classes/com/example/rbac/dao/impl/RoleDAOImpl$RoleRowMapper.class], file [/Users/confluxsys/eclipse-workspace/role-based-access-control/target/classes/com/example/rbac/dao/impl/RoleDAOImpl.class], file [/Users/confluxsys/eclipse-workspace/role-based-access-control/target/classes/com/example/rbac/dao/impl/RolePermissionDAOImpl.class], file [/Users/confluxsys/eclipse-workspace/role-based-access-control/target/classes/com/example/rbac/dao/impl/UserDAOImpl.class], file [/Users/confluxsys/eclipse-workspace/role-based-access-control/target/classes/com/example/rbac/dao/impl/UserRoleDAOImpl.class], file [/Users/confluxsys/eclipse-workspace/role-based-access-control/target/classes/com/example/rbac/model/Permission.class], file [/Users/confluxsys/eclipse-workspace/role-based-access-control/target/classes/com/example/rbac/model/Role.class], file [/Users/confluxsys/eclipse-workspace/role-based-access-control/target/classes/com/example/rbac/model/RolePermission.class], file [/Users/confluxsys/eclipse-workspace/role-based-access-control/target/classes/com/example/rbac/model/User.class], file [/Users/confluxsys/eclipse-workspace/role-based-access-control/target/classes/com/example/rbac/model/UserRole.class], file [/Users/confluxsys/eclipse-workspace/role-based-access-control/target/classes/com/example/rbac/service/PermissionService.class], file [/Users/confluxsys/eclipse-workspace/role-based-access-control/target/classes/com/example/rbac/service/RolePermissionService.class], file [/Users/confluxsys/eclipse-workspace/role-based-access-control/target/classes/com/example/rbac/service/RoleService.class], file [/Users/confluxsys/eclipse-workspace/role-based-access-control/target/classes/com/example/rbac/service/UserRoleService.class], file [/Users/confluxsys/eclipse-workspace/role-based-access-control/target/classes/com/example/rbac/service/UserService.class], file [/Users/confluxsys/eclipse-workspace/role-based-access-control/target/classes/com/example/rbac/util/DatabaseConnection.class], file [/Users/confluxsys/eclipse-workspace/role-based-access-control/target/classes/com/example/rbac/util/JdbcConfig.class]]
2024-10-23 14:26:21,883 [main] TRACE  o.s.c.a.ClassPathBeanDefinitionScanner - Scanning file [/Users/confluxsys/eclipse-workspace/role-based-access-control/target/classes/com/example/rbac/App.class]
2024-10-23 14:26:21,924 [main] TRACE  o.s.c.a.ClassPathBeanDefinitionScanner - Ignored because not matching any filter: file [/Users/confluxsys/eclipse-workspace/role-based-access-control/target/classes/com/example/rbac/App.class]
2024-10-23 14:26:21,924 [main] TRACE  o.s.c.a.ClassPathBeanDefinitionScanner - Scanning file [/Users/confluxsys/eclipse-workspace/role-based-access-control/target/classes/com/example/rbac/dao/PermissionDAO.class]
2024-10-23 14:26:21,926 [main] TRACE  o.s.c.a.ClassPathBeanDefinitionScanner - Ignored because not matching any filter: file [/Users/confluxsys/eclipse-workspace/role-based-access-control/target/classes/com/example/rbac/dao/PermissionDAO.class]
2024-10-23 14:26:21,926 [main] TRACE  o.s.c.a.ClassPathBeanDefinitionScanner - Scanning file [/Users/confluxsys/eclipse-workspace/role-based-access-control/target/classes/com/example/rbac/dao/RoleDAO.class]
2024-10-23 14:26:21,927 [main] TRACE  o.s.c.a.ClassPathBeanDefinitionScanner - Ignored because not matching any filter: file [/Users/confluxsys/eclipse-workspace/role-based-access-control/target/classes/com/example/rbac/dao/RoleDAO.class]
2024-10-23 14:26:21,928 [main] TRACE  o.s.c.a.ClassPathBeanDefinitionScanner - Scanning file [/Users/confluxsys/eclipse-workspace/role-based-access-control/target/classes/com/example/rbac/dao/RolePermissionDAO.class]
2024-10-23 14:26:21,928 [main] TRACE  o.s.c.a.ClassPathBeanDefinitionScanner - Ignored because not matching any filter: file [/Users/confluxsys/eclipse-workspace/role-based-access-control/target/classes/com/example/rbac/dao/RolePermissionDAO.class]
2024-10-23 14:26:21,929 [main] TRACE  o.s.c.a.ClassPathBeanDefinitionScanner - Scanning file [/Users/confluxsys/eclipse-workspace/role-based-access-control/target/classes/com/example/rbac/dao/UserDAO.class]
2024-10-23 14:26:21,929 [main] TRACE  o.s.c.a.ClassPathBeanDefinitionScanner - Ignored because not matching any filter: file [/Users/confluxsys/eclipse-workspace/role-based-access-control/target/classes/com/example/rbac/dao/UserDAO.class]
2024-10-23 14:26:21,930 [main] TRACE  o.s.c.a.ClassPathBeanDefinitionScanner - Scanning file [/Users/confluxsys/eclipse-workspace/role-based-access-control/target/classes/com/example/rbac/dao/UserRoleDAO.class]
2024-10-23 14:26:21,931 [main] TRACE  o.s.c.a.ClassPathBeanDefinitionScanner - Ignored because not matching any filter: file [/Users/confluxsys/eclipse-workspace/role-based-access-control/target/classes/com/example/rbac/dao/UserRoleDAO.class]
2024-10-23 14:26:21,931 [main] TRACE  o.s.c.a.ClassPathBeanDefinitionScanner - Scanning file [/Users/confluxsys/eclipse-workspace/role-based-access-control/target/classes/com/example/rbac/dao/impl/PermissionDAOImpl.class]
2024-10-23 14:26:21,935 [main] TRACE  o.s.c.a.ClassPathBeanDefinitionScanner - Ignored because not matching any filter: file [/Users/confluxsys/eclipse-workspace/role-based-access-control/target/classes/com/example/rbac/dao/impl/PermissionDAOImpl.class]
2024-10-23 14:26:21,937 [main] TRACE  o.s.c.a.ClassPathBeanDefinitionScanner - Scanning file [/Users/confluxsys/eclipse-workspace/role-based-access-control/target/classes/com/example/rbac/dao/impl/RoleDAOImpl$RoleRowMapper.class]
2024-10-23 14:26:21,948 [main] TRACE  o.s.c.a.ClassPathBeanDefinitionScanner - Ignored because not matching any filter: file [/Users/confluxsys/eclipse-workspace/role-based-access-control/target/classes/com/example/rbac/dao/impl/RoleDAOImpl$RoleRowMapper.class]
2024-10-23 14:26:21,949 [main] TRACE  o.s.c.a.ClassPathBeanDefinitionScanner - Scanning file [/Users/confluxsys/eclipse-workspace/role-based-access-control/target/classes/com/example/rbac/dao/impl/RoleDAOImpl.class]
2024-10-23 14:26:21,959 [main] DEBUG  o.s.c.a.ClassPathBeanDefinitionScanner - Identified candidate component class: file [/Users/confluxsys/eclipse-workspace/role-based-access-control/target/classes/com/example/rbac/dao/impl/RoleDAOImpl.class]
2024-10-23 14:26:21,959 [main] TRACE  o.s.c.a.ClassPathBeanDefinitionScanner - Scanning file [/Users/confluxsys/eclipse-workspace/role-based-access-control/target/classes/com/example/rbac/dao/impl/RolePermissionDAOImpl.class]
2024-10-23 14:26:21,960 [main] TRACE  o.s.c.a.ClassPathBeanDefinitionScanner - Ignored because not matching any filter: file [/Users/confluxsys/eclipse-workspace/role-based-access-control/target/classes/com/example/rbac/dao/impl/RolePermissionDAOImpl.class]
2024-10-23 14:26:21,961 [main] TRACE  o.s.c.a.ClassPathBeanDefinitionScanner - Scanning file [/Users/confluxsys/eclipse-workspace/role-based-access-control/target/classes/com/example/rbac/dao/impl/UserDAOImpl.class]
2024-10-23 14:26:21,961 [main] TRACE  o.s.c.a.ClassPathBeanDefinitionScanner - Ignored because not matching any filter: file [/Users/confluxsys/eclipse-workspace/role-based-access-control/target/classes/com/example/rbac/dao/impl/UserDAOImpl.class]
2024-10-23 14:26:21,962 [main] TRACE  o.s.c.a.ClassPathBeanDefinitionScanner - Scanning file [/Users/confluxsys/eclipse-workspace/role-based-access-control/target/classes/com/example/rbac/dao/impl/UserRoleDAOImpl.class]
2024-10-23 14:26:21,963 [main] TRACE  o.s.c.a.ClassPathBeanDefinitionScanner - Ignored because not matching any filter: file [/Users/confluxsys/eclipse-workspace/role-based-access-control/target/classes/com/example/rbac/dao/impl/UserRoleDAOImpl.class]
2024-10-23 14:26:21,964 [main] TRACE  o.s.c.a.ClassPathBeanDefinitionScanner - Scanning file [/Users/confluxsys/eclipse-workspace/role-based-access-control/target/classes/com/example/rbac/model/Permission.class]
2024-10-23 14:26:21,965 [main] TRACE  o.s.c.a.ClassPathBeanDefinitionScanner - Ignored because not matching any filter: file [/Users/confluxsys/eclipse-workspace/role-based-access-control/target/classes/com/example/rbac/model/Permission.class]
2024-10-23 14:26:21,966 [main] TRACE  o.s.c.a.ClassPathBeanDefinitionScanner - Scanning file [/Users/confluxsys/eclipse-workspace/role-based-access-control/target/classes/com/example/rbac/model/Role.class]
2024-10-23 14:26:21,967 [main] TRACE  o.s.c.a.ClassPathBeanDefinitionScanner - Ignored because not matching any filter: file [/Users/confluxsys/eclipse-workspace/role-based-access-control/target/classes/com/example/rbac/model/Role.class]
2024-10-23 14:26:21,967 [main] TRACE  o.s.c.a.ClassPathBeanDefinitionScanner - Scanning file [/Users/confluxsys/eclipse-workspace/role-based-access-control/target/classes/com/example/rbac/model/RolePermission.class]
2024-10-23 14:26:21,970 [main] TRACE  o.s.c.a.ClassPathBeanDefinitionScanner - Ignored because not matching any filter: file [/Users/confluxsys/eclipse-workspace/role-based-access-control/target/classes/com/example/rbac/model/RolePermission.class]
2024-10-23 14:26:21,971 [main] TRACE  o.s.c.a.ClassPathBeanDefinitionScanner - Scanning file [/Users/confluxsys/eclipse-workspace/role-based-access-control/target/classes/com/example/rbac/model/User.class]
2024-10-23 14:26:21,971 [main] TRACE  o.s.c.a.ClassPathBeanDefinitionScanner - Ignored because not matching any filter: file [/Users/confluxsys/eclipse-workspace/role-based-access-control/target/classes/com/example/rbac/model/User.class]
2024-10-23 14:26:21,972 [main] TRACE  o.s.c.a.ClassPathBeanDefinitionScanner - Scanning file [/Users/confluxsys/eclipse-workspace/role-based-access-control/target/classes/com/example/rbac/model/UserRole.class]
2024-10-23 14:26:21,973 [main] TRACE  o.s.c.a.ClassPathBeanDefinitionScanner - Ignored because not matching any filter: file [/Users/confluxsys/eclipse-workspace/role-based-access-control/target/classes/com/example/rbac/model/UserRole.class]
2024-10-23 14:26:21,974 [main] TRACE  o.s.c.a.ClassPathBeanDefinitionScanner - Scanning file [/Users/confluxsys/eclipse-workspace/role-based-access-control/target/classes/com/example/rbac/service/PermissionService.class]
2024-10-23 14:26:21,975 [main] TRACE  o.s.c.a.ClassPathBeanDefinitionScanner - Ignored because not matching any filter: file [/Users/confluxsys/eclipse-workspace/role-based-access-control/target/classes/com/example/rbac/service/PermissionService.class]
2024-10-23 14:26:21,976 [main] TRACE  o.s.c.a.ClassPathBeanDefinitionScanner - Scanning file [/Users/confluxsys/eclipse-workspace/role-based-access-control/target/classes/com/example/rbac/service/RolePermissionService.class]
2024-10-23 14:26:21,976 [main] TRACE  o.s.c.a.ClassPathBeanDefinitionScanner - Ignored because not matching any filter: file [/Users/confluxsys/eclipse-workspace/role-based-access-control/target/classes/com/example/rbac/service/RolePermissionService.class]
2024-10-23 14:26:21,977 [main] TRACE  o.s.c.a.ClassPathBeanDefinitionScanner - Scanning file [/Users/confluxsys/eclipse-workspace/role-based-access-control/target/classes/com/example/rbac/service/RoleService.class]
2024-10-23 14:26:21,978 [main] TRACE  o.s.c.a.ClassPathBeanDefinitionScanner - Ignored because not matching any filter: file [/Users/confluxsys/eclipse-workspace/role-based-access-control/target/classes/com/example/rbac/service/RoleService.class]
2024-10-23 14:26:21,979 [main] TRACE  o.s.c.a.ClassPathBeanDefinitionScanner - Scanning file [/Users/confluxsys/eclipse-workspace/role-based-access-control/target/classes/com/example/rbac/service/UserRoleService.class]
2024-10-23 14:26:21,980 [main] TRACE  o.s.c.a.ClassPathBeanDefinitionScanner - Ignored because not matching any filter: file [/Users/confluxsys/eclipse-workspace/role-based-access-control/target/classes/com/example/rbac/service/UserRoleService.class]
2024-10-23 14:26:21,980 [main] TRACE  o.s.c.a.ClassPathBeanDefinitionScanner - Scanning file [/Users/confluxsys/eclipse-workspace/role-based-access-control/target/classes/com/example/rbac/service/UserService.class]
2024-10-23 14:26:21,981 [main] TRACE  o.s.c.a.ClassPathBeanDefinitionScanner - Ignored because not matching any filter: file [/Users/confluxsys/eclipse-workspace/role-based-access-control/target/classes/com/example/rbac/service/UserService.class]
2024-10-23 14:26:21,981 [main] TRACE  o.s.c.a.ClassPathBeanDefinitionScanner - Scanning file [/Users/confluxsys/eclipse-workspace/role-based-access-control/target/classes/com/example/rbac/util/DatabaseConnection.class]
2024-10-23 14:26:21,982 [main] TRACE  o.s.c.a.ClassPathBeanDefinitionScanner - Ignored because not matching any filter: file [/Users/confluxsys/eclipse-workspace/role-based-access-control/target/classes/com/example/rbac/util/DatabaseConnection.class]
2024-10-23 14:26:21,982 [main] TRACE  o.s.c.a.ClassPathBeanDefinitionScanner - Scanning file [/Users/confluxsys/eclipse-workspace/role-based-access-control/target/classes/com/example/rbac/util/JdbcConfig.class]
2024-10-23 14:26:21,987 [main] TRACE  o.s.c.a.ClassPathBeanDefinitionScanner - Ignored because not matching any filter: file [/Users/confluxsys/eclipse-workspace/role-based-access-control/target/classes/com/example/rbac/util/JdbcConfig.class]
2024-10-23 14:26:22,028 [main] TRACE  o.s.c.a.ConfigurationClassBeanDefinitionReader - Registering bean definition for @Bean method com.example.rbac.util.JdbcConfig.dataSource()
2024-10-23 14:26:22,030 [main] TRACE  o.s.c.a.ConfigurationClassBeanDefinitionReader - Registering bean definition for @Bean method com.example.rbac.util.JdbcConfig.jdbcTemplate()
2024-10-23 14:26:22,032 [main] TRACE  o.s.c.a.ConfigurationClassBeanDefinitionReader - Registering bean definition for @Bean method com.example.rbac.util.JdbcConfig.roleDAO()
2024-10-23 14:26:22,032 [main] TRACE  o.s.c.a.ConfigurationClassBeanDefinitionReader - Registering bean definition for @Bean method com.example.rbac.util.JdbcConfig.roleService()
2024-10-23 14:26:22,309 [main] TRACE  o.s.c.a.ConfigurationClassEnhancer - Successfully enhanced com.example.rbac.util.JdbcConfig; enhanced class name is: com.example.rbac.util.JdbcConfig$$SpringCGLIB$$0
2024-10-23 14:26:22,309 [main] TRACE  o.s.c.a.ConfigurationClassPostProcessor - Replacing bean definition 'jdbcConfig' existing class 'com.example.rbac.util.JdbcConfig' with enhanced class 'com.example.rbac.util.JdbcConfig$$SpringCGLIB$$0'
2024-10-23 14:26:22,311 [main] DEBUG  o.s.b.f.s.DefaultListableBeanFactory - Creating shared instance of singleton bean 'org.springframework.context.event.internalEventListenerProcessor'
2024-10-23 14:26:22,311 [main] TRACE  o.s.b.f.s.DefaultListableBeanFactory - Creating instance of bean 'org.springframework.context.event.internalEventListenerProcessor'
2024-10-23 14:26:22,314 [main] TRACE  o.s.b.f.s.DefaultListableBeanFactory - Eagerly caching bean 'org.springframework.context.event.internalEventListenerProcessor' to allow for resolving potential circular references
2024-10-23 14:26:22,316 [main] TRACE  o.s.b.f.s.DefaultListableBeanFactory - Finished creating instance of bean 'org.springframework.context.event.internalEventListenerProcessor'
2024-10-23 14:26:22,317 [main] DEBUG  o.s.b.f.s.DefaultListableBeanFactory - Creating shared instance of singleton bean 'org.springframework.context.event.internalEventListenerFactory'
2024-10-23 14:26:22,317 [main] TRACE  o.s.b.f.s.DefaultListableBeanFactory - Creating instance of bean 'org.springframework.context.event.internalEventListenerFactory'
2024-10-23 14:26:22,318 [main] TRACE  o.s.b.f.s.DefaultListableBeanFactory - Eagerly caching bean 'org.springframework.context.event.internalEventListenerFactory' to allow for resolving potential circular references
2024-10-23 14:26:22,318 [main] TRACE  o.s.b.f.s.DefaultListableBeanFactory - Finished creating instance of bean 'org.springframework.context.event.internalEventListenerFactory'
2024-10-23 14:26:22,321 [main] DEBUG  o.s.b.f.s.DefaultListableBeanFactory - Creating shared instance of singleton bean 'org.springframework.context.annotation.internalAutowiredAnnotationProcessor'
2024-10-23 14:26:22,324 [main] TRACE  o.s.b.f.s.DefaultListableBeanFactory - Creating instance of bean 'org.springframework.context.annotation.internalAutowiredAnnotationProcessor'
2024-10-23 14:26:22,327 [main] TRACE  o.s.b.f.s.DefaultListableBeanFactory - Eagerly caching bean 'org.springframework.context.annotation.internalAutowiredAnnotationProcessor' to allow for resolving potential circular references
2024-10-23 14:26:22,328 [main] TRACE  o.s.b.f.s.DefaultListableBeanFactory - Finished creating instance of bean 'org.springframework.context.annotation.internalAutowiredAnnotationProcessor'
2024-10-23 14:26:22,331 [main] TRACE  o.s.c.a.AnnotationConfigApplicationContext - No 'messageSource' bean, using [Empty MessageSource]
2024-10-23 14:26:22,336 [main] TRACE  o.s.c.a.AnnotationConfigApplicationContext - No 'applicationEventMulticaster' bean, using [SimpleApplicationEventMulticaster]
2024-10-23 14:26:22,338 [main] TRACE  o.s.b.f.s.DefaultListableBeanFactory - Pre-instantiating singletons in org.springframework.beans.factory.support.DefaultListableBeanFactory@c0c2f8d: defining beans [org.springframework.context.annotation.internalConfigurationAnnotationProcessor,org.springframework.context.annotation.internalAutowiredAnnotationProcessor,org.springframework.context.event.internalEventListenerProcessor,org.springframework.context.event.internalEventListenerFactory,jdbcConfig,roleDAOImpl,dataSource,jdbcTemplate,roleDAO,roleService]; root of factory hierarchy
2024-10-23 14:26:22,339 [main] TRACE  o.s.b.f.s.DefaultListableBeanFactory - Returning cached instance of singleton bean 'org.springframework.context.annotation.internalConfigurationAnnotationProcessor'
2024-10-23 14:26:22,340 [main] TRACE  o.s.b.f.s.DefaultListableBeanFactory - Returning cached instance of singleton bean 'org.springframework.context.annotation.internalAutowiredAnnotationProcessor'
2024-10-23 14:26:22,340 [main] TRACE  o.s.b.f.s.DefaultListableBeanFactory - Returning cached instance of singleton bean 'org.springframework.context.event.internalEventListenerProcessor'
2024-10-23 14:26:22,340 [main] TRACE  o.s.b.f.s.DefaultListableBeanFactory - Returning cached instance of singleton bean 'org.springframework.context.event.internalEventListenerFactory'
2024-10-23 14:26:22,340 [main] DEBUG  o.s.b.f.s.DefaultListableBeanFactory - Creating shared instance of singleton bean 'jdbcConfig'
2024-10-23 14:26:22,341 [main] TRACE  o.s.b.f.s.DefaultListableBeanFactory - Creating instance of bean 'jdbcConfig'
2024-10-23 14:26:22,348 [main] TRACE  o.s.b.f.s.DefaultListableBeanFactory - Eagerly caching bean 'jdbcConfig' to allow for resolving potential circular references
2024-10-23 14:26:22,351 [main] TRACE  o.s.b.f.s.DefaultListableBeanFactory - Finished creating instance of bean 'jdbcConfig'
2024-10-23 14:26:22,351 [main] DEBUG  o.s.b.f.s.DefaultListableBeanFactory - Creating shared instance of singleton bean 'roleDAOImpl'
2024-10-23 14:26:22,351 [main] TRACE  o.s.b.f.s.DefaultListableBeanFactory - Creating instance of bean 'roleDAOImpl'
2024-10-23 14:26:22,370 [main] DEBUG  o.s.b.f.s.DefaultListableBeanFactory - Creating shared instance of singleton bean 'jdbcTemplate'
2024-10-23 14:26:22,370 [main] TRACE  o.s.b.f.s.DefaultListableBeanFactory - Creating instance of bean 'jdbcTemplate'
2024-10-23 14:26:22,371 [main] TRACE  o.s.b.f.s.DefaultListableBeanFactory - Returning cached instance of singleton bean 'jdbcConfig'
2024-10-23 14:26:22,373 [main] DEBUG  o.s.b.f.s.DefaultListableBeanFactory - Creating shared instance of singleton bean 'dataSource'
2024-10-23 14:26:22,373 [main] TRACE  o.s.b.f.s.DefaultListableBeanFactory - Creating instance of bean 'dataSource'
2024-10-23 14:26:22,374 [main] TRACE  o.s.b.f.s.DefaultListableBeanFactory - Returning cached instance of singleton bean 'jdbcConfig'
2024-10-23 14:26:22,397 [main] DEBUG  o.s.j.d.DriverManagerDataSource - Loaded JDBC driver: org.postgresql.Driver
2024-10-23 14:26:22,401 [main] TRACE  o.s.b.f.s.DefaultListableBeanFactory - Eagerly caching bean 'dataSource' to allow for resolving potential circular references
2024-10-23 14:26:22,402 [main] TRACE  o.s.b.f.s.DefaultListableBeanFactory - Finished creating instance of bean 'dataSource'
2024-10-23 14:26:22,407 [main] DEBUG  o.s.b.f.s.DefaultListableBeanFactory - Autowiring by type from bean name 'jdbcTemplate' via factory method to bean named 'dataSource'
2024-10-23 14:26:22,430 [main] TRACE  o.s.b.f.s.DefaultListableBeanFactory - Eagerly caching bean 'jdbcTemplate' to allow for resolving potential circular references
2024-10-23 14:26:22,430 [main] TRACE  o.s.b.f.s.DefaultListableBeanFactory - Invoking afterPropertiesSet() on bean with name 'jdbcTemplate'
2024-10-23 14:26:22,431 [main] TRACE  o.s.b.f.s.DefaultListableBeanFactory - Finished creating instance of bean 'jdbcTemplate'
2024-10-23 14:26:22,432 [main] DEBUG  o.s.b.f.s.DefaultListableBeanFactory - Autowiring by type from bean name 'roleDAOImpl' via constructor to bean named 'jdbcTemplate'
2024-10-23 14:26:22,434 [main] TRACE  o.s.b.f.s.DefaultListableBeanFactory - Eagerly caching bean 'roleDAOImpl' to allow for resolving potential circular references
2024-10-23 14:26:22,434 [main] TRACE  o.s.b.f.s.DefaultListableBeanFactory - Finished creating instance of bean 'roleDAOImpl'
2024-10-23 14:26:22,435 [main] TRACE  o.s.b.f.s.DefaultListableBeanFactory - Returning cached instance of singleton bean 'dataSource'
2024-10-23 14:26:22,435 [main] TRACE  o.s.b.f.s.DefaultListableBeanFactory - Returning cached instance of singleton bean 'jdbcTemplate'
2024-10-23 14:26:22,435 [main] DEBUG  o.s.b.f.s.DefaultListableBeanFactory - Creating shared instance of singleton bean 'roleDAO'
2024-10-23 14:26:22,435 [main] TRACE  o.s.b.f.s.DefaultListableBeanFactory - Creating instance of bean 'roleDAO'
2024-10-23 14:26:22,435 [main] TRACE  o.s.b.f.s.DefaultListableBeanFactory - Returning cached instance of singleton bean 'jdbcConfig'
2024-10-23 14:26:22,436 [main] TRACE  o.s.b.f.s.DefaultListableBeanFactory - Returning cached instance of singleton bean 'jdbcTemplate'
2024-10-23 14:26:22,436 [main] DEBUG  o.s.b.f.s.DefaultListableBeanFactory - Autowiring by type from bean name 'roleDAO' via factory method to bean named 'jdbcTemplate'
2024-10-23 14:26:22,437 [main] TRACE  o.s.b.f.s.DefaultListableBeanFactory - Eagerly caching bean 'roleDAO' to allow for resolving potential circular references
2024-10-23 14:26:22,438 [main] TRACE  o.s.b.f.s.DefaultListableBeanFactory - Finished creating instance of bean 'roleDAO'
2024-10-23 14:26:22,438 [main] DEBUG  o.s.b.f.s.DefaultListableBeanFactory - Creating shared instance of singleton bean 'roleService'
2024-10-23 14:26:22,438 [main] TRACE  o.s.b.f.s.DefaultListableBeanFactory - Creating instance of bean 'roleService'
2024-10-23 14:26:22,438 [main] TRACE  o.s.b.f.s.DefaultListableBeanFactory - Returning cached instance of singleton bean 'jdbcConfig'
2024-10-23 14:26:22,450 [main] TRACE  o.s.b.f.s.DefaultListableBeanFactory - Returning cached instance of singleton bean 'roleDAOImpl'
2024-10-23 14:26:22,452 [main] DEBUG  o.s.b.f.s.DefaultListableBeanFactory - Autowiring by type from bean name 'roleService' via factory method to bean named 'roleDAOImpl'
2024-10-23 14:26:22,461 [main] WARN   o.s.c.a.AnnotationConfigApplicationContext - Exception encountered during context initialization - cancelling refresh attempt: org.springframework.beans.factory.BeanCreationException: Error creating bean with name 'roleService' defined in com.example.rbac.util.JdbcConfig: Failed to instantiate [com.example.rbac.service.RoleService]: Factory method 'roleService' threw exception with message: Unresolved compilation problem: 
	RoleDAOImpl cannot be resolved to a variable

2024-10-23 14:26:22,462 [main] TRACE  o.s.b.f.s.DefaultListableBeanFactory - Destroying singletons in org.springframework.beans.factory.support.DefaultListableBeanFactory@c0c2f8d: defining beans [org.springframework.context.annotation.internalConfigurationAnnotationProcessor,org.springframework.context.annotation.internalAutowiredAnnotationProcessor,org.springframework.context.event.internalEventListenerProcessor,org.springframework.context.event.internalEventListenerFactory,jdbcConfig,roleDAOImpl,dataSource,jdbcTemplate,roleDAO,roleService]; root of factory hierarchy
2024-10-23 14:26:22,487 [main] TRACE  o.s.c.i.s.SpringFactoriesLoader - Loaded [org.springframework.beans.BeanInfoFactory] names: []
